undefined [[31merror[39m]: [31mCannot find module '../src/pages/policycenter/pages'[39m
[31mRequire stack:[39m
[31m- D:\learning-js\playwright-cucumber-js\tests\browser.spec.ts[39m
[31m- D:\learning-js\playwright-cucumber-js\node_modules\playwright\lib\transform\transform.js[39m
[31m- D:\learning-js\playwright-cucumber-js\node_modules\playwright\lib\common\config.js[39m
[31m- D:\learning-js\playwright-cucumber-js\node_modules\playwright\lib\reporters\json.js[39m
[31m- D:\learning-js\playwright-cucumber-js\node_modules\playwright\lib\reporters\html.js[39m
[31m- D:\learning-js\playwright-cucumber-js\node_modules\playwright\lib\runner\reporters.js[39m
[31m- D:\learning-js\playwright-cucumber-js\node_modules\playwright\lib\runner\runner.js[39m
[31m- D:\learning-js\playwright-cucumber-js\node_modules\playwright\lib\cli.js[39m
[31m- D:\learning-js\playwright-cucumber-js\node_modules\playwright\cli.js[39m
[31m- D:\learning-js\playwright-cucumber-js\node_modules\@playwright\test\cli.js[39m
undefined [[34minfo[39m]: [34mTest Case Started : has title[39m
undefined [[34minfo[39m]: [34mTest Case Started : get started link[39m
undefined [[34minfo[39m]: [34mTest Case Started : simple browser test[39m
undefined [[34minfo[39m]: [34mTest Case Started : user able to login into the policy center[39m
undefined [[34minfo[39m]: [34m[32mTest Case Passed : has title[0m[39m
undefined [[34minfo[39m]: [34m[32mTest Case Passed : get started link[0m[39m
undefined [[34minfo[39m]: [34m[32mTest Case Passed : user able to login into the policy center[0m[39m
undefined [[34minfo[39m]: [34m[32mTest Case Passed : simple browser test[0m[39m
undefined [[34minfo[39m]: [34mTest Case Started : has title[39m
undefined [[34minfo[39m]: [34mTest Case Started : simple browser test[39m
undefined [[34minfo[39m]: [34mTest Case Started : user able to login into the policy center[39m
undefined [[34minfo[39m]: [34m[32mTest Case Passed : has title[0m[39m
undefined [[34minfo[39m]: [34mTest Case Started : get started link[39m
undefined [[34minfo[39m]: [34m[32mTest Case Passed : get started link[0m[39m
undefined [[34minfo[39m]: [34m[32mTest Case Passed : simple browser test[0m[39m
undefined [[34minfo[39m]: [34m[32mTest Case Passed : user able to login into the policy center[0m[39m
2023-10-23T17:43:13.488Z [[34minfo[39m]: [34mTest Case Started : has title[39m
2023-10-23T17:43:13.644Z [[34minfo[39m]: [34mTest Case Started : user able to login into the policy center[39m
2023-10-23T17:43:13.664Z [[34minfo[39m]: [34mTest Case Started : simple browser test[39m
2023-10-23T17:43:16.945Z [[34minfo[39m]: [34m[32mTest Case Passed : has title[0m[39m
2023-10-23T17:43:16.952Z [[34minfo[39m]: [34mTest Case Started : get started link[39m
2023-10-23T17:43:19.296Z [[34minfo[39m]: [34m[32mTest Case Passed : get started link[0m[39m
2023-10-23T17:43:20.270Z [[34minfo[39m]: [34mchecking locator visibility : [39m
2023-10-23T17:43:20.284Z [[34minfo[39m]: [34mchecking locator visibility : [39m
2023-10-23T17:43:20.288Z [[34minfo[39m]: [34mchecking locator visibility : [39m
2023-10-23T17:43:20.292Z [[34minfo[39m]: [34mchecking locator visibility : [39m
2023-10-23T17:43:20.295Z [[34minfo[39m]: [34mchecking locator visibility : [39m
2023-10-23T17:43:20.299Z [[34minfo[39m]: [34mchecking locator visibility : [39m
2023-10-23T17:43:20.303Z [[34minfo[39m]: [34mchecking locator visibility : [39m
2023-10-23T17:43:20.314Z [[34minfo[39m]: [34mchecking locator visibility : [39m
2023-10-23T17:43:20.319Z [[34minfo[39m]: [34mchecking locator visibility : [39m
2023-10-23T17:43:20.327Z [[34minfo[39m]: [34mchecking locator visibility : [39m
2023-10-23T17:43:20.334Z [[34minfo[39m]: [34mchecking locator visibility : [39m
2023-10-23T17:43:20.340Z [[34minfo[39m]: [34mchecking locator visibility : [39m
2023-10-23T17:43:20.347Z [[34minfo[39m]: [34mchecking locator visibility : [39m
2023-10-23T17:43:21.547Z [[34minfo[39m]: [34mchecking locator visibility : [39m
2023-10-23T17:43:21.558Z [[34minfo[39m]: [34mchecking locator visibility : [39m
2023-10-23T17:43:21.561Z [[34minfo[39m]: [34mchecking locator visibility : [39m
2023-10-23T17:43:21.565Z [[34minfo[39m]: [34mchecking locator visibility : [39m
2023-10-23T17:43:21.571Z [[34minfo[39m]: [34mchecking locator visibility : [39m
2023-10-23T17:43:21.577Z [[34minfo[39m]: [34mchecking locator visibility : [39m
2023-10-23T17:43:21.581Z [[34minfo[39m]: [34mchecking locator visibility : [39m
2023-10-23T17:43:21.584Z [[34minfo[39m]: [34mchecking locator visibility : [39m
2023-10-23T17:43:21.588Z [[34minfo[39m]: [34mchecking locator visibility : [39m
2023-10-23T17:43:21.592Z [[34minfo[39m]: [34mchecking locator visibility : [39m
2023-10-23T17:43:21.596Z [[34minfo[39m]: [34mchecking locator visibility : [39m
2023-10-23T17:43:21.604Z [[34minfo[39m]: [34mchecking locator visibility : [39m
2023-10-23T17:43:21.607Z [[34minfo[39m]: [34mchecking locator visibility : [39m
2023-10-23T17:43:28.853Z [[34minfo[39m]: [34m[32mTest Case Passed : user able to login into the policy center[0m[39m
2023-10-23T17:43:30.831Z [[34minfo[39m]: [34m[32mTest Case Passed : simple browser test[0m[39m
2023-10-23T18:29:14.398Z [[34minfo[39m]: [34mTest Case Started : has title[39m
2023-10-23T18:29:14.556Z [[34minfo[39m]: [34mTest Case Started : simple browser test[39m
2023-10-23T18:29:14.590Z [[34minfo[39m]: [34mTest Case Started : user able to login into the policy center[39m
2023-10-23T18:29:17.669Z [[34minfo[39m]: [34m[32mTest Case Passed : has title[0m[39m
2023-10-23T18:29:17.673Z [[34minfo[39m]: [34mTest Case Started : get started link[39m
2023-10-23T18:29:20.488Z [[34minfo[39m]: [34m[32mTest Case Passed : get started link[0m[39m
2023-10-23T18:29:22.050Z [[34minfo[39m]: [34mchecking locator visibility : locator('xpath=(//div[normalize-space(.)="Desktop"]//ancestor::div[contains(@class,\'gw-TabWidget\')])[1]')[39m
2023-10-23T18:29:22.062Z [[34minfo[39m]: [34mchecking locator visibility : locator('xpath=(//div[normalize-space(.)="Desktop"]//ancestor::div[contains(@class,\'gw-TabWidget\')]//div[@class=\'gw-action--expand-button\'])[1]')[39m
2023-10-23T18:29:22.065Z [[34minfo[39m]: [34mchecking locator visibility : locator('xpath=(//div[normalize-space(.)="Account"]//ancestor::div[contains(@class,\'gw-TabWidget\')])[1]')[39m
2023-10-23T18:29:22.069Z [[34minfo[39m]: [34mchecking locator visibility : locator('xpath=(//div[normalize-space(.)="Account"]//ancestor::div[contains(@class,\'gw-TabWidget\')]//div[@class=\'gw-action--expand-button\'])[1]')[39m
2023-10-23T18:29:22.073Z [[34minfo[39m]: [34mchecking locator visibility : locator('xpath=(//div[normalize-space(.)="Policy"]//ancestor::div[contains(@class,\'gw-TabWidget\')])[1]')[39m
2023-10-23T18:29:22.077Z [[34minfo[39m]: [34mchecking locator visibility : locator('xpath=(//div[normalize-space(.)="Policy"]//ancestor::div[contains(@class,\'gw-TabWidget\')]//div[@class=\'gw-action--expand-button\'])[1]')[39m
2023-10-23T18:29:22.081Z [[34minfo[39m]: [34mchecking locator visibility : locator('xpath=(//div[normalize-space(.)="Contact"]//ancestor::div[contains(@class,\'gw-TabWidget\')])[1]')[39m
2023-10-23T18:29:22.084Z [[34minfo[39m]: [34mchecking locator visibility : locator('xpath=(//div[normalize-space(.)="Contact"]//ancestor::div[contains(@class,\'gw-TabWidget\')]//div[@class=\'gw-action--expand-button\'])[1]')[39m
2023-10-23T18:29:22.088Z [[34minfo[39m]: [34mchecking locator visibility : locator('xpath=(//div[normalize-space(.)="Search"]//ancestor::div[contains(@class,\'gw-TabWidget\')])[1]')[39m
2023-10-23T18:29:22.092Z [[34minfo[39m]: [34mchecking locator visibility : locator('xpath=(//div[normalize-space(.)="Search"]//ancestor::div[contains(@class,\'gw-TabWidget\')]//div[@class=\'gw-action--expand-button\'])[1]')[39m
2023-10-23T18:29:22.096Z [[34minfo[39m]: [34mchecking locator visibility : locator('xpath=(//div[normalize-space(.)="Team"]//ancestor::div[contains(@class,\'gw-TabWidget\')])[1]')[39m
2023-10-23T18:29:22.102Z [[34minfo[39m]: [34mchecking locator visibility : locator('xpath=(//div[normalize-space(.)="Administration"]//ancestor::div[contains(@class,\'gw-TabWidget\')])[1]')[39m
2023-10-23T18:29:22.106Z [[34minfo[39m]: [34mchecking locator visibility : locator('xpath=(//div[normalize-space(.)="Administration"]//ancestor::div[contains(@class,\'gw-TabWidget\')]//div[@class=\'gw-action--expand-button\'])[1]')[39m
2023-10-23T18:29:22.197Z [[34minfo[39m]: [34mchecking locator visibility : locator('xpath=(//div[normalize-space(.)="Desktop"]//ancestor::div[contains(@class,\'gw-TabWidget\')])[1]')[39m
2023-10-23T18:29:22.212Z [[34minfo[39m]: [34mchecking locator visibility : locator('xpath=(//div[normalize-space(.)="Desktop"]//ancestor::div[contains(@class,\'gw-TabWidget\')]//div[@class=\'gw-action--expand-button\'])[1]')[39m
2023-10-23T18:29:22.216Z [[34minfo[39m]: [34mchecking locator visibility : locator('xpath=(//div[normalize-space(.)="Account"]//ancestor::div[contains(@class,\'gw-TabWidget\')])[1]')[39m
2023-10-23T18:29:22.220Z [[34minfo[39m]: [34mchecking locator visibility : locator('xpath=(//div[normalize-space(.)="Account"]//ancestor::div[contains(@class,\'gw-TabWidget\')]//div[@class=\'gw-action--expand-button\'])[1]')[39m
2023-10-23T18:29:22.224Z [[34minfo[39m]: [34mchecking locator visibility : locator('xpath=(//div[normalize-space(.)="Policy"]//ancestor::div[contains(@class,\'gw-TabWidget\')])[1]')[39m
2023-10-23T18:29:22.227Z [[34minfo[39m]: [34mchecking locator visibility : locator('xpath=(//div[normalize-space(.)="Policy"]//ancestor::div[contains(@class,\'gw-TabWidget\')]//div[@class=\'gw-action--expand-button\'])[1]')[39m
2023-10-23T18:29:22.231Z [[34minfo[39m]: [34mchecking locator visibility : locator('xpath=(//div[normalize-space(.)="Contact"]//ancestor::div[contains(@class,\'gw-TabWidget\')])[1]')[39m
2023-10-23T18:29:22.234Z [[34minfo[39m]: [34mchecking locator visibility : locator('xpath=(//div[normalize-space(.)="Contact"]//ancestor::div[contains(@class,\'gw-TabWidget\')]//div[@class=\'gw-action--expand-button\'])[1]')[39m
2023-10-23T18:29:22.240Z [[34minfo[39m]: [34mchecking locator visibility : locator('xpath=(//div[normalize-space(.)="Search"]//ancestor::div[contains(@class,\'gw-TabWidget\')])[1]')[39m
2023-10-23T18:29:22.247Z [[34minfo[39m]: [34mchecking locator visibility : locator('xpath=(//div[normalize-space(.)="Search"]//ancestor::div[contains(@class,\'gw-TabWidget\')]//div[@class=\'gw-action--expand-button\'])[1]')[39m
2023-10-23T18:29:22.251Z [[34minfo[39m]: [34mchecking locator visibility : locator('xpath=(//div[normalize-space(.)="Team"]//ancestor::div[contains(@class,\'gw-TabWidget\')])[1]')[39m
2023-10-23T18:29:22.254Z [[34minfo[39m]: [34mchecking locator visibility : locator('xpath=(//div[normalize-space(.)="Administration"]//ancestor::div[contains(@class,\'gw-TabWidget\')])[1]')[39m
2023-10-23T18:29:22.257Z [[34minfo[39m]: [34mchecking locator visibility : locator('xpath=(//div[normalize-space(.)="Administration"]//ancestor::div[contains(@class,\'gw-TabWidget\')]//div[@class=\'gw-action--expand-button\'])[1]')[39m
2023-10-23T18:29:29.999Z [[34minfo[39m]: [34m[32mTest Case Passed : simple browser test[0m[39m
2023-10-23T18:29:30.122Z [[34minfo[39m]: [34m[32mTest Case Passed : user able to login into the policy center[0m[39m
2023-10-23T18:38:56.280Z [[34minfo[39m]: [34mTest Case Started : has title[39m
2023-10-23T18:38:56.422Z [[34minfo[39m]: [34mTest Case Started : simple browser test[39m
2023-10-23T18:38:56.427Z [[34minfo[39m]: [34mTest Case Started : user able to login into the policy center[39m
2023-10-23T18:39:01.692Z [[34minfo[39m]: [34m[32mTest Case Passed : has title[0m[39m
2023-10-23T18:39:01.697Z [[34minfo[39m]: [34mTest Case Started : get started link[39m
2023-10-23T18:39:04.420Z [[34minfo[39m]: [34m[32mTest Case Passed : get started link[0m[39m
2023-10-23T18:39:04.566Z [[34minfo[39m]: [34mchecking locator visibility : locator('xpath=(//div[normalize-space(.)="Desktop"]//ancestor::div[contains(@class,\'gw-TabWidget\')])[1]')[39m
2023-10-23T18:39:04.593Z [[34minfo[39m]: [34mchecking locator visibility : locator('xpath=(//div[normalize-space(.)="Desktop"]//ancestor::div[contains(@class,\'gw-TabWidget\')]//div[@class=\'gw-action--expand-button\'])[1]')[39m
2023-10-23T18:39:04.600Z [[34minfo[39m]: [34mchecking locator visibility : locator('xpath=(//div[normalize-space(.)="Account"]//ancestor::div[contains(@class,\'gw-TabWidget\')])[1]')[39m
2023-10-23T18:39:04.609Z [[34minfo[39m]: [34mchecking locator visibility : locator('xpath=(//div[normalize-space(.)="Account"]//ancestor::div[contains(@class,\'gw-TabWidget\')]//div[@class=\'gw-action--expand-button\'])[1]')[39m
2023-10-23T18:39:04.618Z [[34minfo[39m]: [34mchecking locator visibility : locator('xpath=(//div[normalize-space(.)="Policy"]//ancestor::div[contains(@class,\'gw-TabWidget\')])[1]')[39m
2023-10-23T18:39:04.625Z [[34minfo[39m]: [34mchecking locator visibility : locator('xpath=(//div[normalize-space(.)="Policy"]//ancestor::div[contains(@class,\'gw-TabWidget\')]//div[@class=\'gw-action--expand-button\'])[1]')[39m
2023-10-23T18:39:04.632Z [[34minfo[39m]: [34mchecking locator visibility : locator('xpath=(//div[normalize-space(.)="Contact"]//ancestor::div[contains(@class,\'gw-TabWidget\')])[1]')[39m
2023-10-23T18:39:04.637Z [[34minfo[39m]: [34mchecking locator visibility : locator('xpath=(//div[normalize-space(.)="Contact"]//ancestor::div[contains(@class,\'gw-TabWidget\')]//div[@class=\'gw-action--expand-button\'])[1]')[39m
2023-10-23T18:39:04.642Z [[34minfo[39m]: [34mchecking locator visibility : locator('xpath=(//div[normalize-space(.)="Search"]//ancestor::div[contains(@class,\'gw-TabWidget\')])[1]')[39m
2023-10-23T18:39:04.648Z [[34minfo[39m]: [34mchecking locator visibility : locator('xpath=(//div[normalize-space(.)="Search"]//ancestor::div[contains(@class,\'gw-TabWidget\')]//div[@class=\'gw-action--expand-button\'])[1]')[39m
2023-10-23T18:39:04.653Z [[34minfo[39m]: [34mchecking locator visibility : locator('xpath=(//div[normalize-space(.)="Team"]//ancestor::div[contains(@class,\'gw-TabWidget\')])[1]')[39m
2023-10-23T18:39:04.658Z [[34minfo[39m]: [34mchecking locator visibility : locator('xpath=(//div[normalize-space(.)="Administration"]//ancestor::div[contains(@class,\'gw-TabWidget\')])[1]')[39m
2023-10-23T18:39:04.665Z [[34minfo[39m]: [34mchecking locator visibility : locator('xpath=(//div[normalize-space(.)="Administration"]//ancestor::div[contains(@class,\'gw-TabWidget\')]//div[@class=\'gw-action--expand-button\'])[1]')[39m
2023-10-23T18:39:04.767Z [[34minfo[39m]: [34mchecking locator visibility : locator('xpath=(//div[normalize-space(.)="Desktop"]//ancestor::div[contains(@class,\'gw-TabWidget\')])[1]')[39m
2023-10-23T18:39:04.786Z [[34minfo[39m]: [34mchecking locator visibility : locator('xpath=(//div[normalize-space(.)="Desktop"]//ancestor::div[contains(@class,\'gw-TabWidget\')]//div[@class=\'gw-action--expand-button\'])[1]')[39m
2023-10-23T18:39:04.791Z [[34minfo[39m]: [34mchecking locator visibility : locator('xpath=(//div[normalize-space(.)="Account"]//ancestor::div[contains(@class,\'gw-TabWidget\')])[1]')[39m
2023-10-23T18:39:04.795Z [[34minfo[39m]: [34mchecking locator visibility : locator('xpath=(//div[normalize-space(.)="Account"]//ancestor::div[contains(@class,\'gw-TabWidget\')]//div[@class=\'gw-action--expand-button\'])[1]')[39m
2023-10-23T18:39:04.801Z [[34minfo[39m]: [34mchecking locator visibility : locator('xpath=(//div[normalize-space(.)="Policy"]//ancestor::div[contains(@class,\'gw-TabWidget\')])[1]')[39m
2023-10-23T18:39:04.805Z [[34minfo[39m]: [34mchecking locator visibility : locator('xpath=(//div[normalize-space(.)="Policy"]//ancestor::div[contains(@class,\'gw-TabWidget\')]//div[@class=\'gw-action--expand-button\'])[1]')[39m
2023-10-23T18:39:04.809Z [[34minfo[39m]: [34mchecking locator visibility : locator('xpath=(//div[normalize-space(.)="Contact"]//ancestor::div[contains(@class,\'gw-TabWidget\')])[1]')[39m
2023-10-23T18:39:04.813Z [[34minfo[39m]: [34mchecking locator visibility : locator('xpath=(//div[normalize-space(.)="Contact"]//ancestor::div[contains(@class,\'gw-TabWidget\')]//div[@class=\'gw-action--expand-button\'])[1]')[39m
2023-10-23T18:39:04.817Z [[34minfo[39m]: [34mchecking locator visibility : locator('xpath=(//div[normalize-space(.)="Search"]//ancestor::div[contains(@class,\'gw-TabWidget\')])[1]')[39m
2023-10-23T18:39:04.822Z [[34minfo[39m]: [34mchecking locator visibility : locator('xpath=(//div[normalize-space(.)="Search"]//ancestor::div[contains(@class,\'gw-TabWidget\')]//div[@class=\'gw-action--expand-button\'])[1]')[39m
2023-10-23T18:39:04.826Z [[34minfo[39m]: [34mchecking locator visibility : locator('xpath=(//div[normalize-space(.)="Team"]//ancestor::div[contains(@class,\'gw-TabWidget\')])[1]')[39m
2023-10-23T18:39:04.830Z [[34minfo[39m]: [34mchecking locator visibility : locator('xpath=(//div[normalize-space(.)="Administration"]//ancestor::div[contains(@class,\'gw-TabWidget\')])[1]')[39m
2023-10-23T18:39:04.834Z [[34minfo[39m]: [34mchecking locator visibility : locator('xpath=(//div[normalize-space(.)="Administration"]//ancestor::div[contains(@class,\'gw-TabWidget\')]//div[@class=\'gw-action--expand-button\'])[1]')[39m
2023-10-23T18:39:12.749Z [[34minfo[39m]: [34m[32mTest Case Passed : simple browser test[0m[39m
2023-10-23T18:39:12.814Z [[34minfo[39m]: [34m[32mTest Case Passed : user able to login into the policy center[0m[39m
2023-10-23T18:40:56.875Z [[34minfo[39m]: [34mTest Case Started : has title[39m
2023-10-23T18:40:57.013Z [[34minfo[39m]: [34mTest Case Started : simple browser test[39m
2023-10-23T18:40:57.047Z [[34minfo[39m]: [34mTest Case Started : user able to login into the policy center[39m
2023-10-23T18:41:00.303Z [[34minfo[39m]: [34m[32mTest Case Passed : has title[0m[39m
2023-10-23T18:41:00.308Z [[34minfo[39m]: [34mTest Case Started : get started link[39m
2023-10-23T18:41:00.909Z [[34minfo[39m]: [34mchecking locator visibility : locator('xpath=(//div[normalize-space(.)="Desktop"]//ancestor::div[contains(@class,\'gw-TabWidget\')])[1]')[39m
2023-10-23T18:41:00.928Z [[34minfo[39m]: [34mchecking locator visibility : locator('xpath=(//div[normalize-space(.)="Desktop"]//ancestor::div[contains(@class,\'gw-TabWidget\')]//div[@class=\'gw-action--expand-button\'])[1]')[39m
2023-10-23T18:41:00.934Z [[34minfo[39m]: [34mchecking locator visibility : locator('xpath=(//div[normalize-space(.)="Account"]//ancestor::div[contains(@class,\'gw-TabWidget\')])[1]')[39m
2023-10-23T18:41:00.941Z [[34minfo[39m]: [34mchecking locator visibility : locator('xpath=(//div[normalize-space(.)="Account"]//ancestor::div[contains(@class,\'gw-TabWidget\')]//div[@class=\'gw-action--expand-button\'])[1]')[39m
2023-10-23T18:41:00.948Z [[34minfo[39m]: [34mchecking locator visibility : locator('xpath=(//div[normalize-space(.)="Policy"]//ancestor::div[contains(@class,\'gw-TabWidget\')])[1]')[39m
2023-10-23T18:41:00.955Z [[34minfo[39m]: [34mchecking locator visibility : locator('xpath=(//div[normalize-space(.)="Policy"]//ancestor::div[contains(@class,\'gw-TabWidget\')]//div[@class=\'gw-action--expand-button\'])[1]')[39m
2023-10-23T18:41:00.962Z [[34minfo[39m]: [34mchecking locator visibility : locator('xpath=(//div[normalize-space(.)="Contact"]//ancestor::div[contains(@class,\'gw-TabWidget\')])[1]')[39m
2023-10-23T18:41:00.975Z [[34minfo[39m]: [34mchecking locator visibility : locator('xpath=(//div[normalize-space(.)="Contact"]//ancestor::div[contains(@class,\'gw-TabWidget\')]//div[@class=\'gw-action--expand-button\'])[1]')[39m
2023-10-23T18:41:00.982Z [[34minfo[39m]: [34mchecking locator visibility : locator('xpath=(//div[normalize-space(.)="Search"]//ancestor::div[contains(@class,\'gw-TabWidget\')])[1]')[39m
2023-10-23T18:41:00.989Z [[34minfo[39m]: [34mchecking locator visibility : locator('xpath=(//div[normalize-space(.)="Search"]//ancestor::div[contains(@class,\'gw-TabWidget\')]//div[@class=\'gw-action--expand-button\'])[1]')[39m
2023-10-23T18:41:00.993Z [[34minfo[39m]: [34mchecking locator visibility : locator('xpath=(//div[normalize-space(.)="Team"]//ancestor::div[contains(@class,\'gw-TabWidget\')])[1]')[39m
2023-10-23T18:41:01.003Z [[34minfo[39m]: [34mchecking locator visibility : locator('xpath=(//div[normalize-space(.)="Administration"]//ancestor::div[contains(@class,\'gw-TabWidget\')])[1]')[39m
2023-10-23T18:41:01.009Z [[34minfo[39m]: [34mchecking locator visibility : locator('xpath=(//div[normalize-space(.)="Administration"]//ancestor::div[contains(@class,\'gw-TabWidget\')]//div[@class=\'gw-action--expand-button\'])[1]')[39m
2023-10-23T18:41:02.779Z [[34minfo[39m]: [34m[32mTest Case Passed : get started link[0m[39m
2023-10-23T18:41:04.698Z [[34minfo[39m]: [34mchecking locator visibility : locator('xpath=(//div[normalize-space(.)="Desktop"]//ancestor::div[contains(@class,\'gw-TabWidget\')])[1]')[39m
2023-10-23T18:41:04.722Z [[34minfo[39m]: [34mchecking locator visibility : locator('xpath=(//div[normalize-space(.)="Desktop"]//ancestor::div[contains(@class,\'gw-TabWidget\')]//div[@class=\'gw-action--expand-button\'])[1]')[39m
2023-10-23T18:41:04.728Z [[34minfo[39m]: [34mchecking locator visibility : locator('xpath=(//div[normalize-space(.)="Account"]//ancestor::div[contains(@class,\'gw-TabWidget\')])[1]')[39m
2023-10-23T18:41:04.731Z [[34minfo[39m]: [34mchecking locator visibility : locator('xpath=(//div[normalize-space(.)="Account"]//ancestor::div[contains(@class,\'gw-TabWidget\')]//div[@class=\'gw-action--expand-button\'])[1]')[39m
2023-10-23T18:41:04.735Z [[34minfo[39m]: [34mchecking locator visibility : locator('xpath=(//div[normalize-space(.)="Policy"]//ancestor::div[contains(@class,\'gw-TabWidget\')])[1]')[39m
2023-10-23T18:41:04.739Z [[34minfo[39m]: [34mchecking locator visibility : locator('xpath=(//div[normalize-space(.)="Policy"]//ancestor::div[contains(@class,\'gw-TabWidget\')]//div[@class=\'gw-action--expand-button\'])[1]')[39m
2023-10-23T18:41:04.742Z [[34minfo[39m]: [34mchecking locator visibility : locator('xpath=(//div[normalize-space(.)="Contact"]//ancestor::div[contains(@class,\'gw-TabWidget\')])[1]')[39m
2023-10-23T18:41:04.747Z [[34minfo[39m]: [34mchecking locator visibility : locator('xpath=(//div[normalize-space(.)="Contact"]//ancestor::div[contains(@class,\'gw-TabWidget\')]//div[@class=\'gw-action--expand-button\'])[1]')[39m
2023-10-23T18:41:04.751Z [[34minfo[39m]: [34mchecking locator visibility : locator('xpath=(//div[normalize-space(.)="Search"]//ancestor::div[contains(@class,\'gw-TabWidget\')])[1]')[39m
2023-10-23T18:41:04.758Z [[34minfo[39m]: [34mchecking locator visibility : locator('xpath=(//div[normalize-space(.)="Search"]//ancestor::div[contains(@class,\'gw-TabWidget\')]//div[@class=\'gw-action--expand-button\'])[1]')[39m
2023-10-23T18:41:04.762Z [[34minfo[39m]: [34mchecking locator visibility : locator('xpath=(//div[normalize-space(.)="Team"]//ancestor::div[contains(@class,\'gw-TabWidget\')])[1]')[39m
2023-10-23T18:41:04.765Z [[34minfo[39m]: [34mchecking locator visibility : locator('xpath=(//div[normalize-space(.)="Administration"]//ancestor::div[contains(@class,\'gw-TabWidget\')])[1]')[39m
2023-10-23T18:41:04.769Z [[34minfo[39m]: [34mchecking locator visibility : locator('xpath=(//div[normalize-space(.)="Administration"]//ancestor::div[contains(@class,\'gw-TabWidget\')]//div[@class=\'gw-action--expand-button\'])[1]')[39m
2023-10-23T18:41:08.995Z [[34minfo[39m]: [34m[32mTest Case Passed : simple browser test[0m[39m
2023-10-23T18:41:09.186Z [[34minfo[39m]: [34m[32mTest Case Passed : user able to login into the policy center[0m[39m
2023-10-23T18:44:02.357Z [[34minfo[39m]: [34mTest Case Started : has title[39m
2023-10-23T18:44:02.558Z [[34minfo[39m]: [34mTest Case Started : simple browser test[39m
2023-10-23T18:44:02.591Z [[34minfo[39m]: [34mTest Case Started : user able to login into the policy center[39m
2023-10-23T18:44:05.703Z [[34minfo[39m]: [34m[32mTest Case Passed : has title[0m[39m
2023-10-23T18:44:05.720Z [[34minfo[39m]: [34mTest Case Started : get started link[39m
2023-10-23T18:44:08.131Z [[34minfo[39m]: [34m[32mTest Case Passed : get started link[0m[39m
2023-10-23T18:44:09.888Z [[34minfo[39m]: [34mchecking locator visibility : locator('xpath=(//div[normalize-space(.)="Desktop"]//ancestor::div[contains(@class,\'gw-TabWidget\')])[1]')[39m
2023-10-23T18:44:09.903Z [[34minfo[39m]: [34mchecking locator visibility : locator('xpath=(//div[normalize-space(.)="Desktop"]//ancestor::div[contains(@class,\'gw-TabWidget\')]//div[@class=\'gw-action--expand-button\'])[1]')[39m
2023-10-23T18:44:09.911Z [[34minfo[39m]: [34mchecking locator visibility : locator('xpath=(//div[normalize-space(.)="Account"]//ancestor::div[contains(@class,\'gw-TabWidget\')])[1]')[39m
2023-10-23T18:44:09.916Z [[34minfo[39m]: [34mchecking locator visibility : locator('xpath=(//div[normalize-space(.)="Account"]//ancestor::div[contains(@class,\'gw-TabWidget\')]//div[@class=\'gw-action--expand-button\'])[1]')[39m
2023-10-23T18:44:09.922Z [[34minfo[39m]: [34mchecking locator visibility : locator('xpath=(//div[normalize-space(.)="Policy"]//ancestor::div[contains(@class,\'gw-TabWidget\')])[1]')[39m
2023-10-23T18:44:09.928Z [[34minfo[39m]: [34mchecking locator visibility : locator('xpath=(//div[normalize-space(.)="Policy"]//ancestor::div[contains(@class,\'gw-TabWidget\')]//div[@class=\'gw-action--expand-button\'])[1]')[39m
2023-10-23T18:44:09.931Z [[34minfo[39m]: [34mchecking locator visibility : locator('xpath=(//div[normalize-space(.)="Contact"]//ancestor::div[contains(@class,\'gw-TabWidget\')])[1]')[39m
2023-10-23T18:44:09.939Z [[34minfo[39m]: [34mchecking locator visibility : locator('xpath=(//div[normalize-space(.)="Contact"]//ancestor::div[contains(@class,\'gw-TabWidget\')]//div[@class=\'gw-action--expand-button\'])[1]')[39m
2023-10-23T18:44:09.944Z [[34minfo[39m]: [34mchecking locator visibility : locator('xpath=(//div[normalize-space(.)="Search"]//ancestor::div[contains(@class,\'gw-TabWidget\')])[1]')[39m
2023-10-23T18:44:09.947Z [[34minfo[39m]: [34mchecking locator visibility : locator('xpath=(//div[normalize-space(.)="Search"]//ancestor::div[contains(@class,\'gw-TabWidget\')]//div[@class=\'gw-action--expand-button\'])[1]')[39m
2023-10-23T18:44:09.952Z [[34minfo[39m]: [34mchecking locator visibility : locator('xpath=(//div[normalize-space(.)="Team"]//ancestor::div[contains(@class,\'gw-TabWidget\')])[1]')[39m
2023-10-23T18:44:09.955Z [[34minfo[39m]: [34mchecking locator visibility : locator('xpath=(//div[normalize-space(.)="Administration"]//ancestor::div[contains(@class,\'gw-TabWidget\')])[1]')[39m
2023-10-23T18:44:09.963Z [[34minfo[39m]: [34mchecking locator visibility : locator('xpath=(//div[normalize-space(.)="Administration"]//ancestor::div[contains(@class,\'gw-TabWidget\')]//div[@class=\'gw-action--expand-button\'])[1]')[39m
2023-10-23T18:44:10.049Z [[34minfo[39m]: [34mchecking locator visibility : locator('xpath=(//div[normalize-space(.)="Desktop"]//ancestor::div[contains(@class,\'gw-TabWidget\')])[1]')[39m
2023-10-23T18:44:10.062Z [[34minfo[39m]: [34mchecking locator visibility : locator('xpath=(//div[normalize-space(.)="Desktop"]//ancestor::div[contains(@class,\'gw-TabWidget\')]//div[@class=\'gw-action--expand-button\'])[1]')[39m
2023-10-23T18:44:10.065Z [[34minfo[39m]: [34mchecking locator visibility : locator('xpath=(//div[normalize-space(.)="Account"]//ancestor::div[contains(@class,\'gw-TabWidget\')])[1]')[39m
2023-10-23T18:44:10.068Z [[34minfo[39m]: [34mchecking locator visibility : locator('xpath=(//div[normalize-space(.)="Account"]//ancestor::div[contains(@class,\'gw-TabWidget\')]//div[@class=\'gw-action--expand-button\'])[1]')[39m
2023-10-23T18:44:10.072Z [[34minfo[39m]: [34mchecking locator visibility : locator('xpath=(//div[normalize-space(.)="Policy"]//ancestor::div[contains(@class,\'gw-TabWidget\')])[1]')[39m
2023-10-23T18:44:10.075Z [[34minfo[39m]: [34mchecking locator visibility : locator('xpath=(//div[normalize-space(.)="Policy"]//ancestor::div[contains(@class,\'gw-TabWidget\')]//div[@class=\'gw-action--expand-button\'])[1]')[39m
2023-10-23T18:44:10.079Z [[34minfo[39m]: [34mchecking locator visibility : locator('xpath=(//div[normalize-space(.)="Contact"]//ancestor::div[contains(@class,\'gw-TabWidget\')])[1]')[39m
2023-10-23T18:44:10.082Z [[34minfo[39m]: [34mchecking locator visibility : locator('xpath=(//div[normalize-space(.)="Contact"]//ancestor::div[contains(@class,\'gw-TabWidget\')]//div[@class=\'gw-action--expand-button\'])[1]')[39m
2023-10-23T18:44:10.086Z [[34minfo[39m]: [34mchecking locator visibility : locator('xpath=(//div[normalize-space(.)="Search"]//ancestor::div[contains(@class,\'gw-TabWidget\')])[1]')[39m
2023-10-23T18:44:10.090Z [[34minfo[39m]: [34mchecking locator visibility : locator('xpath=(//div[normalize-space(.)="Search"]//ancestor::div[contains(@class,\'gw-TabWidget\')]//div[@class=\'gw-action--expand-button\'])[1]')[39m
2023-10-23T18:44:10.096Z [[34minfo[39m]: [34mchecking locator visibility : locator('xpath=(//div[normalize-space(.)="Team"]//ancestor::div[contains(@class,\'gw-TabWidget\')])[1]')[39m
2023-10-23T18:44:10.104Z [[34minfo[39m]: [34mchecking locator visibility : locator('xpath=(//div[normalize-space(.)="Administration"]//ancestor::div[contains(@class,\'gw-TabWidget\')])[1]')[39m
2023-10-23T18:44:10.109Z [[34minfo[39m]: [34mchecking locator visibility : locator('xpath=(//div[normalize-space(.)="Administration"]//ancestor::div[contains(@class,\'gw-TabWidget\')]//div[@class=\'gw-action--expand-button\'])[1]')[39m
2023-10-23T18:44:16.296Z [[34minfo[39m]: [34m[32mTest Case Passed : user able to login into the policy center[0m[39m
2023-10-23T18:44:16.669Z [[34minfo[39m]: [34m[32mTest Case Passed : simple browser test[0m[39m
2023-10-23T18:44:29.970Z [[34minfo[39m]: [34mTest Case Started : simple browser test[39m
2023-10-23T18:44:32.382Z [[34minfo[39m]: [34mchecking locator visibility : locator('xpath=(//div[normalize-space(.)="Desktop"]//ancestor::div[contains(@class,\'gw-TabWidget\')])[1]')[39m
2023-10-23T18:44:32.396Z [[34minfo[39m]: [34mchecking locator visibility : locator('xpath=(//div[normalize-space(.)="Desktop"]//ancestor::div[contains(@class,\'gw-TabWidget\')]//div[@class=\'gw-action--expand-button\'])[1]')[39m
2023-10-23T18:44:32.399Z [[34minfo[39m]: [34mchecking locator visibility : locator('xpath=(//div[normalize-space(.)="Account"]//ancestor::div[contains(@class,\'gw-TabWidget\')])[1]')[39m
2023-10-23T18:44:32.403Z [[34minfo[39m]: [34mchecking locator visibility : locator('xpath=(//div[normalize-space(.)="Account"]//ancestor::div[contains(@class,\'gw-TabWidget\')]//div[@class=\'gw-action--expand-button\'])[1]')[39m
2023-10-23T18:44:32.407Z [[34minfo[39m]: [34mchecking locator visibility : locator('xpath=(//div[normalize-space(.)="Policy"]//ancestor::div[contains(@class,\'gw-TabWidget\')])[1]')[39m
2023-10-23T18:44:32.412Z [[34minfo[39m]: [34mchecking locator visibility : locator('xpath=(//div[normalize-space(.)="Policy"]//ancestor::div[contains(@class,\'gw-TabWidget\')]//div[@class=\'gw-action--expand-button\'])[1]')[39m
2023-10-23T18:44:32.416Z [[34minfo[39m]: [34mchecking locator visibility : locator('xpath=(//div[normalize-space(.)="Contact"]//ancestor::div[contains(@class,\'gw-TabWidget\')])[1]')[39m
2023-10-23T18:44:32.420Z [[34minfo[39m]: [34mchecking locator visibility : locator('xpath=(//div[normalize-space(.)="Contact"]//ancestor::div[contains(@class,\'gw-TabWidget\')]//div[@class=\'gw-action--expand-button\'])[1]')[39m
2023-10-23T18:44:32.424Z [[34minfo[39m]: [34mchecking locator visibility : locator('xpath=(//div[normalize-space(.)="Search"]//ancestor::div[contains(@class,\'gw-TabWidget\')])[1]')[39m
2023-10-23T18:44:32.429Z [[34minfo[39m]: [34mchecking locator visibility : locator('xpath=(//div[normalize-space(.)="Search"]//ancestor::div[contains(@class,\'gw-TabWidget\')]//div[@class=\'gw-action--expand-button\'])[1]')[39m
2023-10-23T18:44:32.434Z [[34minfo[39m]: [34mchecking locator visibility : locator('xpath=(//div[normalize-space(.)="Team"]//ancestor::div[contains(@class,\'gw-TabWidget\')])[1]')[39m
2023-10-23T18:44:32.438Z [[34minfo[39m]: [34mchecking locator visibility : locator('xpath=(//div[normalize-space(.)="Administration"]//ancestor::div[contains(@class,\'gw-TabWidget\')])[1]')[39m
2023-10-23T18:44:32.447Z [[34minfo[39m]: [34mchecking locator visibility : locator('xpath=(//div[normalize-space(.)="Administration"]//ancestor::div[contains(@class,\'gw-TabWidget\')]//div[@class=\'gw-action--expand-button\'])[1]')[39m
2023-10-23T18:44:38.935Z [[34minfo[39m]: [34m[32mTest Case Passed : simple browser test[0m[39m
